<?xml version="1.0" encoding="UTF-8"?>
<!-- Generated by org.testng.reporters.JUnitReportReporter -->
<testsuite hostname="DESKTOP-STKPSDN" failures="0" tests="1" name="Sdet_Methods.AnnotationsSDET.Guru99" time="13.769" errors="0" timestamp="2023-09-26T12:18:54 IST" skipped="0">
  <testcase classname="Sdet_Methods.AnnotationsSDET.Guru99" name="signUp" time="13.769"/>
  <system-out/>
</testsuite> <!-- Sdet_Methods.AnnotationsSDET.Guru99 -->
