<?xml version="1.0" encoding="UTF-8"?>
<!-- Generated by org.testng.reporters.JUnitReportReporter -->
<testsuite hostname="DESKTOP-STKPSDN" failures="0" tests="1" name="Sdet_Methods.AnnotationsSDET.amzon" time="35.476" errors="0" timestamp="2023-09-26T12:18:54 IST" skipped="0">
  <testcase classname="Sdet_Methods.AnnotationsSDET.amzon" name="signUp" time="35.476"/>
  <system-out/>
</testsuite> <!-- Sdet_Methods.AnnotationsSDET.amzon -->
